c:\users\ani\documents\visual studio 2022\projects\tilepuzzle\tilepuzzle\x64\debug\vc143.pdb
c:\users\ani\documents\visual studio 2022\projects\tilepuzzle\tilepuzzle\x64\debug\vc143.idb
c:\users\ani\documents\visual studio 2022\projects\tilepuzzle\tilepuzzle\x64\debug\main.obj
c:\users\ani\documents\visual studio 2022\projects\tilepuzzle\tilepuzzle\x64\debug\renderer.obj
c:\users\ani\documents\visual studio 2022\projects\tilepuzzle\tilepuzzle\x64\debug\game.obj
c:\users\ani\documents\visual studio 2022\projects\tilepuzzle\tilepuzzle\x64\debug\player.obj
c:\users\ani\documents\visual studio 2022\projects\tilepuzzle\tilepuzzle\x64\debug\windowloader.obj
c:\users\ani\documents\visual studio 2022\projects\tilepuzzle\tilepuzzle\x64\debug\gameboard.obj
c:\users\ani\documents\visual studio 2022\projects\tilepuzzle\x64\debug\tilepuzzle.exe
c:\users\ani\documents\visual studio 2022\projects\tilepuzzle\x64\debug\tilepuzzle.pdb
c:\users\ani\documents\visual studio 2022\projects\tilepuzzle\tilepuzzle\x64\debug\tilepuzzle.ilk
c:\users\ani\documents\visual studio 2022\projects\tilepuzzle\tilepuzzle\x64\debug\slab.obj
c:\users\ani\documents\visual studio 2022\projects\tilepuzzle\tilepuzzle\x64\debug\sprite.obj
c:\users\ani\documents\visual studio 2022\projects\tilepuzzle\tilepuzzle\x64\debug\tilemap.obj
c:\users\ani\documents\visual studio 2022\projects\tilepuzzle\tilepuzzle\x64\debug\tilepuzzle.tlog\cl.command.1.tlog
c:\users\ani\documents\visual studio 2022\projects\tilepuzzle\tilepuzzle\x64\debug\tilepuzzle.tlog\cl.items.tlog
c:\users\ani\documents\visual studio 2022\projects\tilepuzzle\tilepuzzle\x64\debug\tilepuzzle.tlog\cl.read.1.tlog
c:\users\ani\documents\visual studio 2022\projects\tilepuzzle\tilepuzzle\x64\debug\tilepuzzle.tlog\cl.write.1.tlog
c:\users\ani\documents\visual studio 2022\projects\tilepuzzle\tilepuzzle\x64\debug\tilepuzzle.tlog\link.command.1.tlog
c:\users\ani\documents\visual studio 2022\projects\tilepuzzle\tilepuzzle\x64\debug\tilepuzzle.tlog\link.read.1.tlog
c:\users\ani\documents\visual studio 2022\projects\tilepuzzle\tilepuzzle\x64\debug\tilepuzzle.tlog\link.secondary.1.tlog
c:\users\ani\documents\visual studio 2022\projects\tilepuzzle\tilepuzzle\x64\debug\tilepuzzle.tlog\link.write.1.tlog
